<?xml version="1.0" encoding="UTF-8"?>
<!-- Generated by org.testng.reporters.JUnitReportReporter -->
<testsuite hostname="ISHANT" failures="0" tests="1" name="test_class.Get_tc1" time="8.270" errors="0" timestamp="2023-04-06T11:58:31 IST" skipped="0">
  <testcase classname="test_class.Get_tc1" name="orchestrator" time="8.270"/>
  <system-out/>
</testsuite> <!-- test_class.Get_tc1 -->
